<?xml version="1.0" encoding="UTF-8"?>
<testng-results skipped="0" failed="0" total="1" passed="1">
  <reporter-output>
  </reporter-output>
  <suite name="Default suite" duration-ms="23414" started-at="2016-11-16T17:42:07Z" finished-at="2016-11-16T17:42:30Z">
    <groups>
    </groups>
    <test name="Default test" duration-ms="23414" started-at="2016-11-16T17:42:07Z" finished-at="2016-11-16T17:42:30Z">
      <class name="com.automation.spot.testcase.LoginTestCase">
        <test-method status="PASS" signature="beforeSuite()[pri:0, instance:com.automation.spot.testcase.LoginTestCase@58ceff1]" name="beforeSuite" is-config="true" duration-ms="87058" started-at="2016-11-16T23:10:40Z" finished-at="2016-11-16T23:12:07Z">
          <reporter-output>
          </reporter-output>
        </test-method> <!-- beforeSuite -->
        <test-method status="PASS" signature="initScreens()[pri:0, instance:com.automation.spot.testcase.LoginTestCase@58ceff1]" name="initScreens" is-config="true" duration-ms="22676" started-at="2016-11-16T23:12:07Z" finished-at="2016-11-16T23:12:30Z">
          <reporter-output>
          </reporter-output>
        </test-method> <!-- initScreens -->
        <test-method status="PASS" signature="loginIntoApp()[pri:0, instance:com.automation.spot.testcase.LoginTestCase@58ceff1]" name="loginIntoApp" duration-ms="714" started-at="2016-11-16T23:12:30Z" finished-at="2016-11-16T23:12:30Z">
          <reporter-output>
          </reporter-output>
        </test-method> <!-- loginIntoApp -->
      </class> <!-- com.automation.spot.testcase.LoginTestCase -->
    </test> <!-- Default test -->
  </suite> <!-- Default suite -->
</testng-results>
